<?xml version="1.0" encoding="UTF-8"?>
<!-- Generated by org.testng.reporters.JUnitReportReporter -->
<testsuite hostname="DESKTOP-KK6B10U" failures="0" tests="1" name="com.tests.loginTestrunner" time="43.901" errors="0" timestamp="2020-04-07T17:51:37 IST" skipped="0">
  <testcase classname="com.tests.loginTestrunner" name="login" time="43.901"/>
</testsuite> <!-- com.tests.loginTestrunner -->
