<?xml version="1.0" encoding="UTF-8"?>
<!-- Generated by org.testng.reporters.JUnitReportReporter -->
<testsuite hostname="DESKTOP-KK6B10U" failures="0" tests="1" name="runner.registerTestrunner" time="89.531" errors="0" timestamp="2020-04-11T17:39:22 IST" skipped="0">
  <testcase classname="runner.registerTestrunner" name="login" time="89.531"/>
</testsuite> <!-- runner.registerTestrunner -->
