<?xml version="1.0" encoding="UTF-8"?>
<!-- Generated by org.testng.reporters.JUnitReportReporter -->
<testsuite hostname="DESKTOP-KK6B10U" failures="0" tests="1" name="runner.loginTestrunner" time="55.983" errors="0" timestamp="2020-04-11T17:43:14 IST" skipped="0">
  <testcase classname="runner.loginTestrunner" name="login" time="55.983"/>
</testsuite> <!-- runner.loginTestrunner -->
