<?xml version="1.0" encoding="UTF-8"?>
<!-- Generated by org.testng.reporters.JUnitReportReporter -->
<testsuite hostname="DESKTOP-KK6B10U" failures="0" tests="1" name="runner.bookingrunner" time="78.354" errors="0" timestamp="2020-04-11T17:31:04 IST" skipped="0">
  <testcase classname="runner.bookingrunner" name="login" time="78.354"/>
</testsuite> <!-- runner.bookingrunner -->
